0 verbose cli /Users/ttcenter/.nvm/versions/node/v20.19.5/bin/node /Users/ttcenter/.nvm/versions/node/v20.19.5/bin/npm
1 info using npm@10.8.2
2 info using node@v20.19.5
3 silly config load:file:/Users/ttcenter/.nvm/versions/node/v20.19.5/lib/node_modules/npm/npmrc
4 silly config load:file:/Users/ttcenter/Documents/test-tool/.npmrc
5 silly config load:file:/Users/ttcenter/.npmrc
6 silly config load:file:/Users/ttcenter/.nvm/versions/node/v20.19.5/etc/npmrc
7 verbose title npm install react react-dom next typescript @types/react @types/node @types/react-dom
8 verbose argv "install" "react" "react-dom" "next" "typescript" "@types/react" "@types/node" "@types/react-dom" "--cache" "./.npm-cache"
9 verbose logfile logs-max:10 dir:/Users/ttcenter/Documents/test-tool/.npm-cache/_logs/2026-01-29T10_31_14_564Z-
10 verbose logfile /Users/ttcenter/Documents/test-tool/.npm-cache/_logs/2026-01-29T10_31_14_564Z-debug-0.log
11 silly packumentCache heap:4345298944 maxSize:1086324736 maxEntrySize:543162368
12 silly logfile done cleaning log files
13 silly idealTree buildDeps
14 silly fetch manifest react@*
15 silly packumentCache full:https://registry.npmjs.org/react cache-miss
16 http fetch GET 200 https://registry.npmjs.org/npm 423ms
17 http fetch GET 200 https://registry.npmjs.org/react 529ms (cache miss)
18 silly packumentCache full:https://registry.npmjs.org/react set size:undefined disposed:false
19 silly fetch manifest react-dom@*
20 silly packumentCache full:https://registry.npmjs.org/react-dom cache-miss
21 http fetch GET 200 https://registry.npmjs.org/react-dom 290ms (cache miss)
22 silly packumentCache full:https://registry.npmjs.org/react-dom set size:undefined disposed:false
23 silly fetch manifest next@*
24 silly packumentCache full:https://registry.npmjs.org/next cache-miss
25 http fetch GET 200 https://registry.npmjs.org/next 371ms (cache miss)
26 silly packumentCache full:https://registry.npmjs.org/next set size:undefined disposed:false
27 silly fetch manifest @opentelemetry/api@^1.1.0
28 silly packumentCache full:https://registry.npmjs.org/@opentelemetry%2fapi cache-miss
29 http fetch GET 200 https://registry.npmjs.org/@opentelemetry%2fapi 118ms (cache miss)
30 silly packumentCache full:https://registry.npmjs.org/@opentelemetry%2fapi set size:undefined disposed:false
31 silly fetch manifest @playwright/test@^1.51.1
32 silly packumentCache full:https://registry.npmjs.org/@playwright%2ftest cache-miss
33 http fetch GET 200 https://registry.npmjs.org/@playwright%2ftest 223ms (cache miss)
34 silly packumentCache full:https://registry.npmjs.org/@playwright%2ftest set size:undefined disposed:false
35 silly fetch manifest babel-plugin-react-compiler@*
36 silly packumentCache full:https://registry.npmjs.org/babel-plugin-react-compiler cache-miss
37 http fetch GET 200 https://registry.npmjs.org/babel-plugin-react-compiler 115ms (cache miss)
38 silly packumentCache full:https://registry.npmjs.org/babel-plugin-react-compiler set size:undefined disposed:false
39 silly fetch manifest sass@^1.3.0
40 silly packumentCache full:https://registry.npmjs.org/sass cache-miss
41 http fetch GET 200 https://registry.npmjs.org/sass 288ms (cache miss)
42 silly packumentCache full:https://registry.npmjs.org/sass set size:undefined disposed:false
43 silly fetch manifest typescript@*
44 silly packumentCache full:https://registry.npmjs.org/typescript cache-miss
45 http fetch GET 200 https://registry.npmjs.org/typescript 275ms (cache miss)
46 silly packumentCache full:https://registry.npmjs.org/typescript set size:undefined disposed:false
47 silly fetch manifest @types/react@*
48 silly packumentCache full:https://registry.npmjs.org/@types%2freact cache-miss
49 http fetch GET 200 https://registry.npmjs.org/@types%2freact 123ms (cache miss)
50 silly packumentCache full:https://registry.npmjs.org/@types%2freact set size:undefined disposed:false
51 silly fetch manifest @types/node@*
52 silly packumentCache full:https://registry.npmjs.org/@types%2fnode cache-miss
53 http fetch GET 200 https://registry.npmjs.org/@types%2fnode 211ms (cache miss)
54 silly packumentCache full:https://registry.npmjs.org/@types%2fnode set size:undefined disposed:false
55 silly fetch manifest @types/react-dom@*
56 silly packumentCache full:https://registry.npmjs.org/@types%2freact-dom cache-miss
57 http fetch GET 200 https://registry.npmjs.org/@types%2freact-dom 98ms (cache miss)
58 silly packumentCache full:https://registry.npmjs.org/@types%2freact-dom set size:undefined disposed:false
59 silly placeDep ROOT @types/node@25.1.0 OK for: test-tool@1.0.0 want: *
60 silly placeDep ROOT @types/react@19.2.10 OK for: test-tool@1.0.0 want: *
61 silly placeDep ROOT @types/react-dom@19.2.3 OK for: test-tool@1.0.0 want: *
62 silly placeDep ROOT next@16.1.6 OK for: test-tool@1.0.0 want: *
63 silly placeDep ROOT react@19.2.4 OK for: next@16.1.6 want: ^18.2.0 || 19.0.0-rc-de68d2f4-20241204 || ^19.0.0
64 silly placeDep ROOT react-dom@19.2.4 OK for: next@16.1.6 want: ^18.2.0 || 19.0.0-rc-de68d2f4-20241204 || ^19.0.0
65 silly placeDep ROOT react@19.2.4 REPLACE for: test-tool@1.0.0 want: *
66 silly placeDep ROOT react-dom@19.2.4 REPLACE for: test-tool@1.0.0 want: *
67 silly placeDep ROOT typescript@5.9.3 OK for: test-tool@1.0.0 want: *
68 silly fetch manifest undici-types@~7.16.0
69 silly packumentCache full:https://registry.npmjs.org/undici-types cache-miss
70 silly fetch manifest csstype@^3.2.2
71 silly packumentCache full:https://registry.npmjs.org/csstype cache-miss
72 silly fetch manifest postcss@8.4.31
73 silly packumentCache full:https://registry.npmjs.org/postcss cache-miss
74 silly fetch manifest @next/env@16.1.6
75 silly packumentCache full:https://registry.npmjs.org/@next%2fenv cache-miss
76 silly fetch manifest styled-jsx@5.1.6
77 silly packumentCache full:https://registry.npmjs.org/styled-jsx cache-miss
78 silly fetch manifest @swc/helpers@0.5.15
79 silly packumentCache full:https://registry.npmjs.org/@swc%2fhelpers cache-miss
80 silly fetch manifest caniuse-lite@^1.0.30001579
81 silly packumentCache full:https://registry.npmjs.org/caniuse-lite cache-miss
82 http fetch GET 200 https://registry.npmjs.org/undici-types 90ms (cache miss)
83 silly packumentCache full:https://registry.npmjs.org/undici-types set size:undefined disposed:false
84 silly fetch manifest baseline-browser-mapping@^2.8.3
85 silly packumentCache full:https://registry.npmjs.org/baseline-browser-mapping cache-miss
86 http fetch GET 200 https://registry.npmjs.org/csstype 92ms (cache miss)
87 silly packumentCache full:https://registry.npmjs.org/csstype set size:undefined disposed:false
88 silly fetch manifest sharp@^0.34.4
89 silly packumentCache full:https://registry.npmjs.org/sharp cache-miss
90 http fetch GET 200 https://registry.npmjs.org/baseline-browser-mapping 99ms (cache miss)
91 silly packumentCache full:https://registry.npmjs.org/baseline-browser-mapping set size:undefined disposed:false
92 silly fetch manifest @next/swc-darwin-x64@16.1.6
93 silly packumentCache full:https://registry.npmjs.org/@next%2fswc-darwin-x64 cache-miss
94 http fetch GET 200 https://registry.npmjs.org/sharp 100ms (cache miss)
95 silly packumentCache full:https://registry.npmjs.org/sharp set size:undefined disposed:false
96 silly fetch manifest @next/swc-darwin-arm64@16.1.6
97 silly packumentCache full:https://registry.npmjs.org/@next%2fswc-darwin-arm64 cache-miss
98 http fetch GET 200 https://registry.npmjs.org/styled-jsx 281ms (cache miss)
99 silly packumentCache full:https://registry.npmjs.org/styled-jsx set size:undefined disposed:false
100 silly fetch manifest @next/swc-linux-x64-gnu@16.1.6
101 silly packumentCache full:https://registry.npmjs.org/@next%2fswc-linux-x64-gnu cache-miss
102 http fetch GET 200 https://registry.npmjs.org/postcss 301ms (cache miss)
103 silly packumentCache full:https://registry.npmjs.org/postcss set size:undefined disposed:false
104 silly fetch manifest @next/swc-linux-x64-musl@16.1.6
105 silly packumentCache full:https://registry.npmjs.org/@next%2fswc-linux-x64-musl cache-miss
106 http fetch GET 200 https://registry.npmjs.org/@swc%2fhelpers 308ms (cache miss)
107 silly packumentCache full:https://registry.npmjs.org/@swc%2fhelpers set size:undefined disposed:false
108 silly fetch manifest @next/swc-win32-x64-msvc@16.1.6
109 silly packumentCache full:https://registry.npmjs.org/@next%2fswc-win32-x64-msvc cache-miss
110 http fetch GET 200 https://registry.npmjs.org/@next%2fswc-darwin-x64 186ms (cache miss)
111 silly packumentCache full:https://registry.npmjs.org/@next%2fswc-darwin-x64 set size:undefined disposed:false
112 silly fetch manifest @next/swc-linux-arm64-gnu@16.1.6
113 silly packumentCache full:https://registry.npmjs.org/@next%2fswc-linux-arm64-gnu cache-miss
114 http fetch GET 200 https://registry.npmjs.org/@next%2fswc-darwin-arm64 202ms (cache miss)
115 silly packumentCache full:https://registry.npmjs.org/@next%2fswc-darwin-arm64 set size:undefined disposed:false
116 silly fetch manifest @next/swc-linux-arm64-musl@16.1.6
117 silly packumentCache full:https://registry.npmjs.org/@next%2fswc-linux-arm64-musl cache-miss
118 http fetch GET 200 https://registry.npmjs.org/caniuse-lite 429ms (cache miss)
119 silly packumentCache full:https://registry.npmjs.org/caniuse-lite set size:undefined disposed:false
120 silly fetch manifest @next/swc-win32-arm64-msvc@16.1.6
121 silly packumentCache full:https://registry.npmjs.org/@next%2fswc-win32-arm64-msvc cache-miss
122 http fetch GET 200 https://registry.npmjs.org/@next%2fenv 483ms (cache miss)
123 silly packumentCache full:https://registry.npmjs.org/@next%2fenv set size:undefined disposed:false
124 silly fetch manifest scheduler@^0.27.0
125 silly packumentCache full:https://registry.npmjs.org/scheduler cache-miss
126 http fetch GET 200 https://registry.npmjs.org/@next%2fswc-win32-x64-msvc 219ms (cache miss)
127 silly packumentCache full:https://registry.npmjs.org/@next%2fswc-win32-x64-msvc set size:undefined disposed:false
128 silly fetch manifest scheduler@^0.27.0
129 silly packumentCache full:https://registry.npmjs.org/scheduler cache-miss
130 http fetch GET 200 https://registry.npmjs.org/@next%2fswc-linux-x64-gnu 272ms (cache miss)
131 silly packumentCache full:https://registry.npmjs.org/@next%2fswc-linux-x64-gnu set size:undefined disposed:false
132 http fetch GET 200 https://registry.npmjs.org/@next%2fswc-linux-x64-musl 279ms (cache miss)
133 silly packumentCache full:https://registry.npmjs.org/@next%2fswc-linux-x64-musl set size:undefined disposed:false
134 http fetch GET 200 https://registry.npmjs.org/@next%2fswc-linux-arm64-musl 213ms (cache miss)
135 silly packumentCache full:https://registry.npmjs.org/@next%2fswc-linux-arm64-musl set size:undefined disposed:false
136 http fetch GET 200 https://registry.npmjs.org/scheduler 163ms (cache miss)
137 silly packumentCache full:https://registry.npmjs.org/scheduler set size:undefined disposed:false
138 http fetch GET 200 https://registry.npmjs.org/@next%2fswc-win32-arm64-msvc 247ms (cache miss)
139 silly packumentCache full:https://registry.npmjs.org/@next%2fswc-win32-arm64-msvc set size:undefined disposed:false
140 http fetch GET 200 https://registry.npmjs.org/scheduler 169ms (cache miss)
141 silly packumentCache full:https://registry.npmjs.org/scheduler set size:undefined disposed:false
142 http fetch GET 200 https://registry.npmjs.org/@next%2fswc-linux-arm64-gnu 344ms (cache miss)
143 silly packumentCache full:https://registry.npmjs.org/@next%2fswc-linux-arm64-gnu set size:undefined disposed:false
144 silly placeDep ROOT undici-types@7.16.0 OK for: @types/node@25.1.0 want: ~7.16.0
145 silly placeDep ROOT csstype@3.2.3 OK for: @types/react@19.2.10 want: ^3.2.2
146 silly fetch manifest react@^18.2.0 || 19.0.0-rc-de68d2f4-20241204 || ^19.0.0
147 silly packumentCache full:https://registry.npmjs.org/react cache-miss
148 http fetch GET 200 https://registry.npmjs.org/react 9ms (cache hit)
149 silly packumentCache full:https://registry.npmjs.org/react set size:6431012 disposed:false
150 silly placeDep ROOT @next/env@16.1.6 OK for: next@16.1.6 want: 16.1.6
151 silly placeDep ROOT @next/swc-darwin-arm64@16.1.6 OK for: next@16.1.6 want: 16.1.6
152 silly placeDep ROOT @next/swc-darwin-x64@16.1.6 OK for: next@16.1.6 want: 16.1.6
153 silly placeDep ROOT @next/swc-linux-arm64-gnu@16.1.6 OK for: next@16.1.6 want: 16.1.6
154 silly placeDep ROOT @next/swc-linux-arm64-musl@16.1.6 OK for: next@16.1.6 want: 16.1.6
155 silly placeDep ROOT @next/swc-linux-x64-gnu@16.1.6 OK for: next@16.1.6 want: 16.1.6
156 silly placeDep ROOT @next/swc-linux-x64-musl@16.1.6 OK for: next@16.1.6 want: 16.1.6
157 silly placeDep ROOT @next/swc-win32-arm64-msvc@16.1.6 OK for: next@16.1.6 want: 16.1.6
158 silly placeDep ROOT @next/swc-win32-x64-msvc@16.1.6 OK for: next@16.1.6 want: 16.1.6
159 silly placeDep ROOT @swc/helpers@0.5.15 OK for: next@16.1.6 want: 0.5.15
160 silly placeDep ROOT baseline-browser-mapping@2.9.19 OK for: next@16.1.6 want: ^2.8.3
161 silly placeDep ROOT caniuse-lite@1.0.30001766 OK for: next@16.1.6 want: ^1.0.30001579
162 silly placeDep ROOT postcss@8.4.31 OK for: next@16.1.6 want: 8.4.31
163 silly placeDep ROOT sharp@0.34.5 OK for: next@16.1.6 want: ^0.34.4
164 silly placeDep ROOT styled-jsx@5.1.6 OK for: next@16.1.6 want: 5.1.6
165 silly fetch manifest tslib@^2.8.0
166 silly packumentCache full:https://registry.npmjs.org/tslib cache-miss
167 silly fetch manifest nanoid@^3.3.6
168 silly packumentCache full:https://registry.npmjs.org/nanoid cache-miss
169 silly fetch manifest picocolors@^1.0.0
170 silly packumentCache full:https://registry.npmjs.org/picocolors cache-miss
171 silly fetch manifest source-map-js@^1.0.2
172 silly packumentCache full:https://registry.npmjs.org/source-map-js cache-miss
173 silly fetch manifest semver@^7.7.3
174 silly packumentCache full:https://registry.npmjs.org/semver cache-miss
175 silly fetch manifest @img/colour@^1.0.0
176 silly packumentCache full:https://registry.npmjs.org/@img%2fcolour cache-miss
177 silly fetch manifest detect-libc@^2.1.2
178 silly packumentCache full:https://registry.npmjs.org/detect-libc cache-miss
179 http fetch GET 200 https://registry.npmjs.org/detect-libc 81ms (cache miss)
180 silly packumentCache full:https://registry.npmjs.org/detect-libc set size:undefined disposed:false
181 silly fetch manifest @img/sharp-wasm32@0.34.5
182 silly packumentCache full:https://registry.npmjs.org/@img%2fsharp-wasm32 cache-miss
183 http fetch GET 200 https://registry.npmjs.org/source-map-js 83ms (cache miss)
184 silly packumentCache full:https://registry.npmjs.org/source-map-js set size:undefined disposed:false
185 silly fetch manifest @img/sharp-linux-arm@0.34.5
186 silly packumentCache full:https://registry.npmjs.org/@img%2fsharp-linux-arm cache-miss
187 http fetch GET 200 https://registry.npmjs.org/tslib 88ms (cache miss)
188 silly packumentCache full:https://registry.npmjs.org/tslib set size:undefined disposed:false
189 silly fetch manifest @img/sharp-linux-x64@0.34.5
190 silly packumentCache full:https://registry.npmjs.org/@img%2fsharp-linux-x64 cache-miss
191 http fetch GET 200 https://registry.npmjs.org/picocolors 91ms (cache miss)
192 silly packumentCache full:https://registry.npmjs.org/picocolors set size:undefined disposed:false
193 silly fetch manifest @img/sharp-win32-x64@0.34.5
194 silly packumentCache full:https://registry.npmjs.org/@img%2fsharp-win32-x64 cache-miss
195 http fetch GET 200 https://registry.npmjs.org/semver 92ms (cache miss)
196 silly packumentCache full:https://registry.npmjs.org/semver set size:undefined disposed:false
197 silly fetch manifest @img/sharp-darwin-x64@0.34.5
198 silly packumentCache full:https://registry.npmjs.org/@img%2fsharp-darwin-x64 cache-miss
199 http fetch GET 200 https://registry.npmjs.org/@img%2fcolour 95ms (cache miss)
200 silly packumentCache full:https://registry.npmjs.org/@img%2fcolour set size:undefined disposed:false
201 silly fetch manifest @img/sharp-win32-ia32@0.34.5
202 silly packumentCache full:https://registry.npmjs.org/@img%2fsharp-win32-ia32 cache-miss
203 http fetch GET 200 https://registry.npmjs.org/nanoid 98ms (cache miss)
204 silly packumentCache full:https://registry.npmjs.org/nanoid set size:undefined disposed:false
205 silly fetch manifest @img/sharp-linux-arm64@0.34.5
206 silly packumentCache full:https://registry.npmjs.org/@img%2fsharp-linux-arm64 cache-miss
207 http fetch GET 200 https://registry.npmjs.org/@img%2fsharp-linux-arm 106ms (cache miss)
208 silly packumentCache full:https://registry.npmjs.org/@img%2fsharp-linux-arm set size:undefined disposed:false
209 silly fetch manifest @img/sharp-linux-ppc64@0.34.5
210 silly packumentCache full:https://registry.npmjs.org/@img%2fsharp-linux-ppc64 cache-miss
211 http fetch GET 200 https://registry.npmjs.org/@img%2fsharp-darwin-x64 98ms (cache miss)
212 silly packumentCache full:https://registry.npmjs.org/@img%2fsharp-darwin-x64 set size:undefined disposed:false
213 silly fetch manifest @img/sharp-linux-s390x@0.34.5
214 silly packumentCache full:https://registry.npmjs.org/@img%2fsharp-linux-s390x cache-miss
215 http fetch GET 200 https://registry.npmjs.org/@img%2fsharp-wasm32 110ms (cache miss)
216 silly packumentCache full:https://registry.npmjs.org/@img%2fsharp-wasm32 set size:undefined disposed:false
217 silly fetch manifest @img/sharp-win32-arm64@0.34.5
218 silly packumentCache full:https://registry.npmjs.org/@img%2fsharp-win32-arm64 cache-miss
219 http fetch GET 200 https://registry.npmjs.org/@img%2fsharp-win32-ia32 98ms (cache miss)
220 silly packumentCache full:https://registry.npmjs.org/@img%2fsharp-win32-ia32 set size:undefined disposed:false
221 silly fetch manifest @img/sharp-darwin-arm64@0.34.5
222 silly packumentCache full:https://registry.npmjs.org/@img%2fsharp-darwin-arm64 cache-miss
223 http fetch GET 200 https://registry.npmjs.org/@img%2fsharp-linux-arm64 98ms (cache miss)
224 silly packumentCache full:https://registry.npmjs.org/@img%2fsharp-linux-arm64 set size:undefined disposed:false
225 silly fetch manifest @img/sharp-linux-riscv64@0.34.5
226 silly packumentCache full:https://registry.npmjs.org/@img%2fsharp-linux-riscv64 cache-miss
227 http fetch GET 200 https://registry.npmjs.org/@img%2fsharp-win32-x64 109ms (cache miss)
228 silly packumentCache full:https://registry.npmjs.org/@img%2fsharp-win32-x64 set size:undefined disposed:false
229 silly fetch manifest @img/sharp-linuxmusl-x64@0.34.5
230 silly packumentCache full:https://registry.npmjs.org/@img%2fsharp-linuxmusl-x64 cache-miss
231 http fetch GET 200 https://registry.npmjs.org/@img%2fsharp-linux-x64 112ms (cache miss)
232 silly packumentCache full:https://registry.npmjs.org/@img%2fsharp-linux-x64 set size:undefined disposed:false
233 silly fetch manifest @img/sharp-linuxmusl-arm64@0.34.5
234 silly packumentCache full:https://registry.npmjs.org/@img%2fsharp-linuxmusl-arm64 cache-miss
235 http fetch GET 200 https://registry.npmjs.org/@img%2fsharp-linux-s390x 103ms (cache miss)
236 silly packumentCache full:https://registry.npmjs.org/@img%2fsharp-linux-s390x set size:undefined disposed:false
237 silly fetch manifest @img/sharp-libvips-linux-arm@1.2.4
238 silly packumentCache full:https://registry.npmjs.org/@img%2fsharp-libvips-linux-arm cache-miss
239 http fetch GET 200 https://registry.npmjs.org/@img%2fsharp-win32-arm64 103ms (cache miss)
240 silly packumentCache full:https://registry.npmjs.org/@img%2fsharp-win32-arm64 set size:undefined disposed:false
241 silly fetch manifest @img/sharp-libvips-linux-x64@1.2.4
242 silly packumentCache full:https://registry.npmjs.org/@img%2fsharp-libvips-linux-x64 cache-miss
243 http fetch GET 200 https://registry.npmjs.org/@img%2fsharp-linux-ppc64 107ms (cache miss)
244 silly packumentCache full:https://registry.npmjs.org/@img%2fsharp-linux-ppc64 set size:undefined disposed:false
245 silly fetch manifest @img/sharp-libvips-darwin-x64@1.2.4
246 silly packumentCache full:https://registry.npmjs.org/@img%2fsharp-libvips-darwin-x64 cache-miss
247 http fetch GET 200 https://registry.npmjs.org/@img%2fsharp-linux-riscv64 107ms (cache miss)
248 silly packumentCache full:https://registry.npmjs.org/@img%2fsharp-linux-riscv64 set size:undefined disposed:false
249 silly fetch manifest @img/sharp-libvips-linux-arm64@1.2.4
250 silly packumentCache full:https://registry.npmjs.org/@img%2fsharp-libvips-linux-arm64 cache-miss
251 http fetch GET 200 https://registry.npmjs.org/@img%2fsharp-linuxmusl-arm64 110ms (cache miss)
252 silly packumentCache full:https://registry.npmjs.org/@img%2fsharp-linuxmusl-arm64 set size:undefined disposed:false
253 silly fetch manifest @img/sharp-libvips-linux-ppc64@1.2.4
254 silly packumentCache full:https://registry.npmjs.org/@img%2fsharp-libvips-linux-ppc64 cache-miss
255 http fetch GET 200 https://registry.npmjs.org/@img%2fsharp-linuxmusl-x64 111ms (cache miss)
256 silly packumentCache full:https://registry.npmjs.org/@img%2fsharp-linuxmusl-x64 set size:undefined disposed:false
257 silly fetch manifest @img/sharp-libvips-linux-s390x@1.2.4
258 silly packumentCache full:https://registry.npmjs.org/@img%2fsharp-libvips-linux-s390x cache-miss
259 http fetch GET 200 https://registry.npmjs.org/@img%2fsharp-darwin-arm64 131ms (cache miss)
260 silly packumentCache full:https://registry.npmjs.org/@img%2fsharp-darwin-arm64 set size:undefined disposed:false
261 silly fetch manifest @img/sharp-libvips-darwin-arm64@1.2.4
262 silly packumentCache full:https://registry.npmjs.org/@img%2fsharp-libvips-darwin-arm64 cache-miss
263 http fetch GET 200 https://registry.npmjs.org/@img%2fsharp-libvips-linux-arm 85ms (cache miss)
264 silly packumentCache full:https://registry.npmjs.org/@img%2fsharp-libvips-linux-arm set size:undefined disposed:false
265 silly fetch manifest @img/sharp-libvips-linux-riscv64@1.2.4
266 silly packumentCache full:https://registry.npmjs.org/@img%2fsharp-libvips-linux-riscv64 cache-miss
267 http fetch GET 200 https://registry.npmjs.org/@img%2fsharp-libvips-linux-x64 100ms (cache miss)
268 silly packumentCache full:https://registry.npmjs.org/@img%2fsharp-libvips-linux-x64 set size:undefined disposed:false
269 silly fetch manifest @img/sharp-libvips-linuxmusl-x64@1.2.4
270 silly packumentCache full:https://registry.npmjs.org/@img%2fsharp-libvips-linuxmusl-x64 cache-miss
271 http fetch GET 200 https://registry.npmjs.org/@img%2fsharp-libvips-darwin-x64 98ms (cache miss)
272 silly packumentCache full:https://registry.npmjs.org/@img%2fsharp-libvips-darwin-x64 set size:undefined disposed:false
273 silly fetch manifest @img/sharp-libvips-linuxmusl-arm64@1.2.4
274 silly packumentCache full:https://registry.npmjs.org/@img%2fsharp-libvips-linuxmusl-arm64 cache-miss
275 http fetch GET 200 https://registry.npmjs.org/@img%2fsharp-libvips-linux-ppc64 91ms (cache miss)
276 silly packumentCache full:https://registry.npmjs.org/@img%2fsharp-libvips-linux-ppc64 set size:undefined disposed:false
277 silly fetch manifest client-only@0.0.1
278 silly packumentCache full:https://registry.npmjs.org/client-only cache-miss
279 http fetch GET 200 https://registry.npmjs.org/@img%2fsharp-libvips-linux-arm64 98ms (cache miss)
280 silly packumentCache full:https://registry.npmjs.org/@img%2fsharp-libvips-linux-arm64 set size:undefined disposed:false
281 http fetch GET 200 https://registry.npmjs.org/@img%2fsharp-libvips-linux-s390x 109ms (cache miss)
282 silly packumentCache full:https://registry.npmjs.org/@img%2fsharp-libvips-linux-s390x set size:undefined disposed:false
283 http fetch GET 200 https://registry.npmjs.org/@img%2fsharp-libvips-darwin-arm64 94ms (cache miss)
284 silly packumentCache full:https://registry.npmjs.org/@img%2fsharp-libvips-darwin-arm64 set size:undefined disposed:false
285 http fetch GET 200 https://registry.npmjs.org/@img%2fsharp-libvips-linux-riscv64 93ms (cache miss)
286 silly packumentCache full:https://registry.npmjs.org/@img%2fsharp-libvips-linux-riscv64 set size:undefined disposed:false
287 http fetch GET 200 https://registry.npmjs.org/@img%2fsharp-libvips-linuxmusl-x64 91ms (cache miss)
288 silly packumentCache full:https://registry.npmjs.org/@img%2fsharp-libvips-linuxmusl-x64 set size:undefined disposed:false
289 http fetch GET 200 https://registry.npmjs.org/client-only 84ms (cache miss)
290 silly packumentCache full:https://registry.npmjs.org/client-only set size:undefined disposed:false
291 http fetch GET 200 https://registry.npmjs.org/@img%2fsharp-libvips-linuxmusl-arm64 114ms (cache miss)
292 silly packumentCache full:https://registry.npmjs.org/@img%2fsharp-libvips-linuxmusl-arm64 set size:undefined disposed:false
293 silly placeDep ROOT tslib@2.8.1 OK for: @swc/helpers@0.5.15 want: ^2.8.0
294 silly placeDep ROOT nanoid@3.3.11 OK for: postcss@8.4.31 want: ^3.3.6
295 silly placeDep ROOT picocolors@1.1.1 OK for: postcss@8.4.31 want: ^1.0.0
296 silly placeDep ROOT source-map-js@1.2.1 OK for: postcss@8.4.31 want: ^1.0.2
297 silly placeDep ROOT scheduler@0.27.0 OK for: react-dom@19.2.4 want: ^0.27.0
298 silly placeDep ROOT @img/colour@1.0.0 OK for: sharp@0.34.5 want: ^1.0.0
299 silly placeDep ROOT @img/sharp-darwin-arm64@0.34.5 OK for: sharp@0.34.5 want: 0.34.5
300 silly placeDep ROOT @img/sharp-darwin-x64@0.34.5 OK for: sharp@0.34.5 want: 0.34.5
301 silly placeDep ROOT @img/sharp-libvips-darwin-arm64@1.2.4 OK for: sharp@0.34.5 want: 1.2.4
302 silly placeDep ROOT @img/sharp-libvips-darwin-x64@1.2.4 OK for: sharp@0.34.5 want: 1.2.4
303 silly placeDep ROOT @img/sharp-libvips-linux-arm@1.2.4 OK for: sharp@0.34.5 want: 1.2.4
304 silly placeDep ROOT @img/sharp-libvips-linux-arm64@1.2.4 OK for: sharp@0.34.5 want: 1.2.4
305 silly placeDep ROOT @img/sharp-libvips-linux-ppc64@1.2.4 OK for: sharp@0.34.5 want: 1.2.4
306 silly placeDep ROOT @img/sharp-libvips-linux-riscv64@1.2.4 OK for: sharp@0.34.5 want: 1.2.4
307 silly placeDep ROOT @img/sharp-libvips-linux-s390x@1.2.4 OK for: sharp@0.34.5 want: 1.2.4
308 silly placeDep ROOT @img/sharp-libvips-linux-x64@1.2.4 OK for: sharp@0.34.5 want: 1.2.4
309 silly placeDep ROOT @img/sharp-libvips-linuxmusl-arm64@1.2.4 OK for: sharp@0.34.5 want: 1.2.4
310 silly placeDep ROOT @img/sharp-libvips-linuxmusl-x64@1.2.4 OK for: sharp@0.34.5 want: 1.2.4
311 silly placeDep ROOT @img/sharp-linux-arm@0.34.5 OK for: sharp@0.34.5 want: 0.34.5
312 silly placeDep ROOT @img/sharp-linux-arm64@0.34.5 OK for: sharp@0.34.5 want: 0.34.5
313 silly placeDep ROOT @img/sharp-linux-ppc64@0.34.5 OK for: sharp@0.34.5 want: 0.34.5
314 silly placeDep ROOT @img/sharp-linux-riscv64@0.34.5 OK for: sharp@0.34.5 want: 0.34.5
315 silly placeDep ROOT @img/sharp-linux-s390x@0.34.5 OK for: sharp@0.34.5 want: 0.34.5
316 silly placeDep ROOT @img/sharp-linux-x64@0.34.5 OK for: sharp@0.34.5 want: 0.34.5
317 silly placeDep ROOT @img/sharp-linuxmusl-arm64@0.34.5 OK for: sharp@0.34.5 want: 0.34.5
318 silly placeDep ROOT @img/sharp-linuxmusl-x64@0.34.5 OK for: sharp@0.34.5 want: 0.34.5
319 silly placeDep ROOT @img/sharp-wasm32@0.34.5 OK for: sharp@0.34.5 want: 0.34.5
320 silly placeDep ROOT @img/sharp-win32-arm64@0.34.5 OK for: sharp@0.34.5 want: 0.34.5
321 silly placeDep ROOT @img/sharp-win32-ia32@0.34.5 OK for: sharp@0.34.5 want: 0.34.5
322 silly placeDep ROOT @img/sharp-win32-x64@0.34.5 OK for: sharp@0.34.5 want: 0.34.5
323 silly placeDep ROOT detect-libc@2.1.2 OK for: sharp@0.34.5 want: ^2.1.2
324 silly placeDep ROOT semver@7.7.3 OK for: sharp@0.34.5 want: ^7.7.3
325 silly fetch manifest @emnapi/runtime@^1.7.0
326 silly packumentCache full:https://registry.npmjs.org/@emnapi%2fruntime cache-miss
327 http fetch GET 200 https://registry.npmjs.org/@emnapi%2fruntime 110ms (cache miss)
328 silly packumentCache full:https://registry.npmjs.org/@emnapi%2fruntime set size:undefined disposed:false
329 silly placeDep ROOT @emnapi/runtime@1.8.1 OK for: @img/sharp-wasm32@0.34.5 want: ^1.7.0
330 silly placeDep ROOT client-only@0.0.1 OK for: styled-jsx@5.1.6 want: 0.0.1
331 silly reify moves {}
332 silly audit bulk request {
332 silly audit   '@types/node': [ '25.1.0' ],
332 silly audit   '@types/react': [ '19.2.10' ],
332 silly audit   '@types/react-dom': [ '19.2.3' ],
332 silly audit   next: [ '16.1.6' ],
332 silly audit   react: [ '19.2.4' ],
332 silly audit   'react-dom': [ '19.2.4' ],
332 silly audit   typescript: [ '5.9.3' ],
332 silly audit   'undici-types': [ '7.16.0' ],
332 silly audit   csstype: [ '3.2.3' ],
332 silly audit   '@next/env': [ '16.1.6' ],
332 silly audit   '@next/swc-darwin-arm64': [ '16.1.6' ],
332 silly audit   '@next/swc-darwin-x64': [ '16.1.6' ],
332 silly audit   '@next/swc-linux-arm64-gnu': [ '16.1.6' ],
332 silly audit   '@next/swc-linux-arm64-musl': [ '16.1.6' ],
332 silly audit   '@next/swc-linux-x64-gnu': [ '16.1.6' ],
332 silly audit   '@next/swc-linux-x64-musl': [ '16.1.6' ],
332 silly audit   '@next/swc-win32-arm64-msvc': [ '16.1.6' ],
332 silly audit   '@next/swc-win32-x64-msvc': [ '16.1.6' ],
332 silly audit   '@swc/helpers': [ '0.5.15' ],
332 silly audit   'baseline-browser-mapping': [ '2.9.19' ],
332 silly audit   'caniuse-lite': [ '1.0.30001766' ],
332 silly audit   postcss: [ '8.4.31' ],
332 silly audit   sharp: [ '0.34.5' ],
332 silly audit   'styled-jsx': [ '5.1.6' ],
332 silly audit   tslib: [ '2.8.1' ],
332 silly audit   nanoid: [ '3.3.11' ],
332 silly audit   picocolors: [ '1.1.1' ],
332 silly audit   'source-map-js': [ '1.2.1' ],
332 silly audit   scheduler: [ '0.27.0' ],
332 silly audit   '@img/colour': [ '1.0.0' ],
332 silly audit   '@img/sharp-darwin-arm64': [ '0.34.5' ],
332 silly audit   '@img/sharp-darwin-x64': [ '0.34.5' ],
332 silly audit   '@img/sharp-libvips-darwin-arm64': [ '1.2.4' ],
332 silly audit   '@img/sharp-libvips-darwin-x64': [ '1.2.4' ],
332 silly audit   '@img/sharp-libvips-linux-arm': [ '1.2.4' ],
332 silly audit   '@img/sharp-libvips-linux-arm64': [ '1.2.4' ],
332 silly audit   '@img/sharp-libvips-linux-ppc64': [ '1.2.4' ],
332 silly audit   '@img/sharp-libvips-linux-riscv64': [ '1.2.4' ],
332 silly audit   '@img/sharp-libvips-linux-s390x': [ '1.2.4' ],
332 silly audit   '@img/sharp-libvips-linux-x64': [ '1.2.4' ],
332 silly audit   '@img/sharp-libvips-linuxmusl-arm64': [ '1.2.4' ],
332 silly audit   '@img/sharp-libvips-linuxmusl-x64': [ '1.2.4' ],
332 silly audit   '@img/sharp-linux-arm': [ '0.34.5' ],
332 silly audit   '@img/sharp-linux-arm64': [ '0.34.5' ],
332 silly audit   '@img/sharp-linux-ppc64': [ '0.34.5' ],
332 silly audit   '@img/sharp-linux-riscv64': [ '0.34.5' ],
332 silly audit   '@img/sharp-linux-s390x': [ '0.34.5' ],
332 silly audit   '@img/sharp-linux-x64': [ '0.34.5' ],
332 silly audit   '@img/sharp-linuxmusl-arm64': [ '0.34.5' ],
332 silly audit   '@img/sharp-linuxmusl-x64': [ '0.34.5' ],
332 silly audit   '@img/sharp-wasm32': [ '0.34.5' ],
332 silly audit   '@img/sharp-win32-arm64': [ '0.34.5' ],
332 silly audit   '@img/sharp-win32-ia32': [ '0.34.5' ],
332 silly audit   '@img/sharp-win32-x64': [ '0.34.5' ],
332 silly audit   'detect-libc': [ '2.1.2' ],
332 silly audit   semver: [ '7.7.3' ],
332 silly audit   '@emnapi/runtime': [ '1.8.1' ],
332 silly audit   'client-only': [ '0.0.1' ]
332 silly audit }
333 verbose reify failed optional dependency /Users/ttcenter/Documents/test-tool/node_modules/@img/sharp-win32-x64
334 silly reify mark deleted [
334 silly reify   '/Users/ttcenter/Documents/test-tool/node_modules/@img/sharp-win32-x64'
334 silly reify ]
335 verbose reify failed optional dependency /Users/ttcenter/Documents/test-tool/node_modules/@img/sharp-win32-ia32
336 silly reify mark deleted [
336 silly reify   '/Users/ttcenter/Documents/test-tool/node_modules/@img/sharp-win32-ia32'
336 silly reify ]
337 verbose reify failed optional dependency /Users/ttcenter/Documents/test-tool/node_modules/@img/sharp-win32-arm64
338 silly reify mark deleted [
338 silly reify   '/Users/ttcenter/Documents/test-tool/node_modules/@img/sharp-win32-arm64'
338 silly reify ]
339 verbose reify failed optional dependency /Users/ttcenter/Documents/test-tool/node_modules/@img/sharp-wasm32
340 silly reify mark deleted [
340 silly reify   '/Users/ttcenter/Documents/test-tool/node_modules/@img/sharp-wasm32'
340 silly reify ]
341 verbose reify failed optional dependency /Users/ttcenter/Documents/test-tool/node_modules/@emnapi/runtime
342 silly reify mark deleted [ '/Users/ttcenter/Documents/test-tool/node_modules/@emnapi/runtime' ]
343 verbose reify failed optional dependency /Users/ttcenter/Documents/test-tool/node_modules/@img/sharp-linuxmusl-x64
344 silly reify mark deleted [
344 silly reify   '/Users/ttcenter/Documents/test-tool/node_modules/@img/sharp-linuxmusl-x64'
344 silly reify ]
345 verbose reify failed optional dependency /Users/ttcenter/Documents/test-tool/node_modules/@img/sharp-linuxmusl-arm64
346 silly reify mark deleted [
346 silly reify   '/Users/ttcenter/Documents/test-tool/node_modules/@img/sharp-linuxmusl-arm64'
346 silly reify ]
347 verbose reify failed optional dependency /Users/ttcenter/Documents/test-tool/node_modules/@img/sharp-linux-x64
348 silly reify mark deleted [
348 silly reify   '/Users/ttcenter/Documents/test-tool/node_modules/@img/sharp-linux-x64'
348 silly reify ]
349 verbose reify failed optional dependency /Users/ttcenter/Documents/test-tool/node_modules/@img/sharp-linux-s390x
350 silly reify mark deleted [
350 silly reify   '/Users/ttcenter/Documents/test-tool/node_modules/@img/sharp-linux-s390x'
350 silly reify ]
351 verbose reify failed optional dependency /Users/ttcenter/Documents/test-tool/node_modules/@img/sharp-linux-riscv64
352 silly reify mark deleted [
352 silly reify   '/Users/ttcenter/Documents/test-tool/node_modules/@img/sharp-linux-riscv64'
352 silly reify ]
353 verbose reify failed optional dependency /Users/ttcenter/Documents/test-tool/node_modules/@img/sharp-linux-ppc64
354 silly reify mark deleted [
354 silly reify   '/Users/ttcenter/Documents/test-tool/node_modules/@img/sharp-linux-ppc64'
354 silly reify ]
355 verbose reify failed optional dependency /Users/ttcenter/Documents/test-tool/node_modules/@img/sharp-linux-arm64
356 silly reify mark deleted [
356 silly reify   '/Users/ttcenter/Documents/test-tool/node_modules/@img/sharp-linux-arm64'
356 silly reify ]
357 verbose reify failed optional dependency /Users/ttcenter/Documents/test-tool/node_modules/@img/sharp-linux-arm
358 silly reify mark deleted [
358 silly reify   '/Users/ttcenter/Documents/test-tool/node_modules/@img/sharp-linux-arm'
358 silly reify ]
359 verbose reify failed optional dependency /Users/ttcenter/Documents/test-tool/node_modules/@img/sharp-libvips-linuxmusl-x64
360 silly reify mark deleted [
360 silly reify   '/Users/ttcenter/Documents/test-tool/node_modules/@img/sharp-libvips-linuxmusl-x64'
360 silly reify ]
361 verbose reify failed optional dependency /Users/ttcenter/Documents/test-tool/node_modules/@img/sharp-libvips-linuxmusl-arm64
362 silly reify mark deleted [
362 silly reify   '/Users/ttcenter/Documents/test-tool/node_modules/@img/sharp-libvips-linuxmusl-arm64'
362 silly reify ]
363 verbose reify failed optional dependency /Users/ttcenter/Documents/test-tool/node_modules/@img/sharp-libvips-linux-x64
364 silly reify mark deleted [
364 silly reify   '/Users/ttcenter/Documents/test-tool/node_modules/@img/sharp-libvips-linux-x64'
364 silly reify ]
365 verbose reify failed optional dependency /Users/ttcenter/Documents/test-tool/node_modules/@img/sharp-libvips-linux-s390x
366 silly reify mark deleted [
366 silly reify   '/Users/ttcenter/Documents/test-tool/node_modules/@img/sharp-libvips-linux-s390x'
366 silly reify ]
367 verbose reify failed optional dependency /Users/ttcenter/Documents/test-tool/node_modules/@img/sharp-libvips-linux-riscv64
368 silly reify mark deleted [
368 silly reify   '/Users/ttcenter/Documents/test-tool/node_modules/@img/sharp-libvips-linux-riscv64'
368 silly reify ]
369 verbose reify failed optional dependency /Users/ttcenter/Documents/test-tool/node_modules/@img/sharp-libvips-linux-ppc64
370 silly reify mark deleted [
370 silly reify   '/Users/ttcenter/Documents/test-tool/node_modules/@img/sharp-libvips-linux-ppc64'
370 silly reify ]
371 verbose reify failed optional dependency /Users/ttcenter/Documents/test-tool/node_modules/@img/sharp-libvips-linux-arm64
372 silly reify mark deleted [
372 silly reify   '/Users/ttcenter/Documents/test-tool/node_modules/@img/sharp-libvips-linux-arm64'
372 silly reify ]
373 verbose reify failed optional dependency /Users/ttcenter/Documents/test-tool/node_modules/@img/sharp-libvips-linux-arm
374 silly reify mark deleted [
374 silly reify   '/Users/ttcenter/Documents/test-tool/node_modules/@img/sharp-libvips-linux-arm'
374 silly reify ]
375 verbose reify failed optional dependency /Users/ttcenter/Documents/test-tool/node_modules/@img/sharp-libvips-darwin-x64
376 silly reify mark deleted [
376 silly reify   '/Users/ttcenter/Documents/test-tool/node_modules/@img/sharp-libvips-darwin-x64'
376 silly reify ]
377 verbose reify failed optional dependency /Users/ttcenter/Documents/test-tool/node_modules/@img/sharp-darwin-x64
378 silly reify mark deleted [
378 silly reify   '/Users/ttcenter/Documents/test-tool/node_modules/@img/sharp-darwin-x64'
378 silly reify ]
379 verbose reify failed optional dependency /Users/ttcenter/Documents/test-tool/node_modules/@next/swc-win32-x64-msvc
380 silly reify mark deleted [
380 silly reify   '/Users/ttcenter/Documents/test-tool/node_modules/@next/swc-win32-x64-msvc'
380 silly reify ]
381 verbose reify failed optional dependency /Users/ttcenter/Documents/test-tool/node_modules/@next/swc-win32-arm64-msvc
382 silly reify mark deleted [
382 silly reify   '/Users/ttcenter/Documents/test-tool/node_modules/@next/swc-win32-arm64-msvc'
382 silly reify ]
383 verbose reify failed optional dependency /Users/ttcenter/Documents/test-tool/node_modules/@next/swc-linux-x64-musl
384 silly reify mark deleted [
384 silly reify   '/Users/ttcenter/Documents/test-tool/node_modules/@next/swc-linux-x64-musl'
384 silly reify ]
385 verbose reify failed optional dependency /Users/ttcenter/Documents/test-tool/node_modules/@next/swc-linux-x64-gnu
386 silly reify mark deleted [
386 silly reify   '/Users/ttcenter/Documents/test-tool/node_modules/@next/swc-linux-x64-gnu'
386 silly reify ]
387 verbose reify failed optional dependency /Users/ttcenter/Documents/test-tool/node_modules/@next/swc-linux-arm64-musl
388 silly reify mark deleted [
388 silly reify   '/Users/ttcenter/Documents/test-tool/node_modules/@next/swc-linux-arm64-musl'
388 silly reify ]
389 verbose reify failed optional dependency /Users/ttcenter/Documents/test-tool/node_modules/@next/swc-linux-arm64-gnu
390 silly reify mark deleted [
390 silly reify   '/Users/ttcenter/Documents/test-tool/node_modules/@next/swc-linux-arm64-gnu'
390 silly reify ]
391 verbose reify failed optional dependency /Users/ttcenter/Documents/test-tool/node_modules/@next/swc-darwin-x64
392 silly reify mark deleted [
392 silly reify   '/Users/ttcenter/Documents/test-tool/node_modules/@next/swc-darwin-x64'
392 silly reify ]
393 silly tarball no local data for semver@https://registry.npmjs.org/semver/-/semver-7.7.3.tgz. Extracting by manifest.
394 silly tarball no local data for @emnapi/runtime@https://registry.npmjs.org/@emnapi/runtime/-/runtime-1.8.1.tgz. Extracting by manifest.
395 silly tarball no local data for detect-libc@https://registry.npmjs.org/detect-libc/-/detect-libc-2.1.2.tgz. Extracting by manifest.
396 silly tarball no local data for client-only@https://registry.npmjs.org/client-only/-/client-only-0.0.1.tgz. Extracting by manifest.
397 silly tarball no local data for @img/sharp-libvips-darwin-arm64@https://registry.npmjs.org/@img/sharp-libvips-darwin-arm64/-/sharp-libvips-darwin-arm64-1.2.4.tgz. Extracting by manifest.
398 silly tarball no local data for scheduler@https://registry.npmjs.org/scheduler/-/scheduler-0.27.0.tgz. Extracting by manifest.
399 silly tarball no local data for @img/colour@https://registry.npmjs.org/@img/colour/-/colour-1.0.0.tgz. Extracting by manifest.
400 silly tarball no local data for source-map-js@https://registry.npmjs.org/source-map-js/-/source-map-js-1.2.1.tgz. Extracting by manifest.
401 silly tarball no local data for @img/sharp-darwin-arm64@https://registry.npmjs.org/@img/sharp-darwin-arm64/-/sharp-darwin-arm64-0.34.5.tgz. Extracting by manifest.
402 silly tarball no local data for nanoid@https://registry.npmjs.org/nanoid/-/nanoid-3.3.11.tgz. Extracting by manifest.
403 silly tarball no local data for tslib@https://registry.npmjs.org/tslib/-/tslib-2.8.1.tgz. Extracting by manifest.
404 silly tarball no local data for picocolors@https://registry.npmjs.org/picocolors/-/picocolors-1.1.1.tgz. Extracting by manifest.
405 silly tarball no local data for styled-jsx@https://registry.npmjs.org/styled-jsx/-/styled-jsx-5.1.6.tgz. Extracting by manifest.
406 silly tarball no local data for sharp@https://registry.npmjs.org/sharp/-/sharp-0.34.5.tgz. Extracting by manifest.
407 silly tarball no local data for @swc/helpers@https://registry.npmjs.org/@swc/helpers/-/helpers-0.5.15.tgz. Extracting by manifest.
408 silly tarball no local data for postcss@https://registry.npmjs.org/postcss/-/postcss-8.4.31.tgz. Extracting by manifest.
409 silly tarball no local data for caniuse-lite@https://registry.npmjs.org/caniuse-lite/-/caniuse-lite-1.0.30001766.tgz. Extracting by manifest.
410 silly tarball no local data for @next/swc-darwin-arm64@https://registry.npmjs.org/@next/swc-darwin-arm64/-/swc-darwin-arm64-16.1.6.tgz. Extracting by manifest.
411 silly tarball no local data for undici-types@https://registry.npmjs.org/undici-types/-/undici-types-7.16.0.tgz. Extracting by manifest.
412 silly tarball no local data for typescript@https://registry.npmjs.org/typescript/-/typescript-5.9.3.tgz. Extracting by manifest.
413 silly tarball no local data for csstype@https://registry.npmjs.org/csstype/-/csstype-3.2.3.tgz. Extracting by manifest.
414 silly tarball no local data for @next/env@https://registry.npmjs.org/@next/env/-/env-16.1.6.tgz. Extracting by manifest.
415 silly tarball no local data for baseline-browser-mapping@https://registry.npmjs.org/baseline-browser-mapping/-/baseline-browser-mapping-2.9.19.tgz. Extracting by manifest.
416 silly tarball no local data for next@https://registry.npmjs.org/next/-/next-16.1.6.tgz. Extracting by manifest.
417 silly tarball no local data for react@https://registry.npmjs.org/react/-/react-19.2.4.tgz. Extracting by manifest.
418 silly tarball no local data for @types/react@https://registry.npmjs.org/@types/react/-/react-19.2.10.tgz. Extracting by manifest.
419 silly tarball no local data for @types/react-dom@https://registry.npmjs.org/@types/react-dom/-/react-dom-19.2.3.tgz. Extracting by manifest.
420 silly tarball no local data for @types/node@https://registry.npmjs.org/@types/node/-/node-25.1.0.tgz. Extracting by manifest.
421 silly tarball no local data for react-dom@https://registry.npmjs.org/react-dom/-/react-dom-19.2.4.tgz. Extracting by manifest.
422 http fetch GET 200 https://registry.npmjs.org/client-only/-/client-only-0.0.1.tgz 97ms (cache miss)
423 http fetch GET 200 https://registry.npmjs.org/scheduler/-/scheduler-0.27.0.tgz 97ms (cache miss)
424 http fetch GET 200 https://registry.npmjs.org/semver/-/semver-7.7.3.tgz 102ms (cache miss)
425 http fetch GET 200 https://registry.npmjs.org/detect-libc/-/detect-libc-2.1.2.tgz 107ms (cache miss)
426 http fetch GET 200 https://registry.npmjs.org/@emnapi/runtime/-/runtime-1.8.1.tgz 111ms (cache miss)
427 http fetch GET 200 https://registry.npmjs.org/undici-types/-/undici-types-7.16.0.tgz 191ms (cache miss)
428 http fetch GET 200 https://registry.npmjs.org/postcss/-/postcss-8.4.31.tgz 200ms (cache miss)
429 http fetch POST 200 https://registry.npmjs.org/-/npm/v1/security/advisories/bulk 286ms
430 silly audit report {}
431 http fetch GET 200 https://registry.npmjs.org/csstype/-/csstype-3.2.3.tgz 284ms (cache miss)
432 http fetch GET 200 https://registry.npmjs.org/baseline-browser-mapping/-/baseline-browser-mapping-2.9.19.tgz 284ms (cache miss)
433 http fetch GET 200 https://registry.npmjs.org/@next/env/-/env-16.1.6.tgz 327ms (cache miss)
434 http fetch GET 200 https://registry.npmjs.org/picocolors/-/picocolors-1.1.1.tgz 332ms (cache miss)
435 http fetch GET 200 https://registry.npmjs.org/@img/colour/-/colour-1.0.0.tgz 335ms (cache miss)
436 http fetch GET 200 https://registry.npmjs.org/nanoid/-/nanoid-3.3.11.tgz 339ms (cache miss)
437 http fetch GET 200 https://registry.npmjs.org/tslib/-/tslib-2.8.1.tgz 340ms (cache miss)
438 http fetch GET 200 https://registry.npmjs.org/source-map-js/-/source-map-js-1.2.1.tgz 347ms (cache miss)
439 http fetch GET 200 https://registry.npmjs.org/@img/sharp-darwin-arm64/-/sharp-darwin-arm64-0.34.5.tgz 349ms (cache miss)
440 http fetch GET 200 https://registry.npmjs.org/@swc/helpers/-/helpers-0.5.15.tgz 351ms (cache miss)
441 http fetch GET 200 https://registry.npmjs.org/react/-/react-19.2.4.tgz 367ms (cache miss)
442 http fetch GET 200 https://registry.npmjs.org/sharp/-/sharp-0.34.5.tgz 387ms (cache miss)
443 http fetch GET 200 https://registry.npmjs.org/@img/sharp-libvips-darwin-arm64/-/sharp-libvips-darwin-arm64-1.2.4.tgz 394ms (cache miss)
444 http fetch GET 200 https://registry.npmjs.org/caniuse-lite/-/caniuse-lite-1.0.30001766.tgz 417ms (cache miss)
445 http fetch GET 200 https://registry.npmjs.org/@types/react/-/react-19.2.10.tgz 427ms (cache miss)
446 http fetch GET 200 https://registry.npmjs.org/styled-jsx/-/styled-jsx-5.1.6.tgz 442ms (cache miss)
447 http fetch GET 200 https://registry.npmjs.org/@types/react-dom/-/react-dom-19.2.3.tgz 465ms (cache miss)
448 http fetch GET 200 https://registry.npmjs.org/@types/node/-/node-25.1.0.tgz 488ms (cache miss)
449 http fetch GET 200 https://registry.npmjs.org/typescript/-/typescript-5.9.3.tgz 628ms (cache miss)
450 http fetch GET 200 https://registry.npmjs.org/react-dom/-/react-dom-19.2.4.tgz 794ms (cache miss)
451 http fetch GET 200 https://registry.npmjs.org/next/-/next-16.1.6.tgz 2611ms (cache miss)
452 http fetch GET 200 https://registry.npmjs.org/@next/swc-darwin-arm64/-/swc-darwin-arm64-16.1.6.tgz 3150ms (cache miss)
453 info run sharp@0.34.5 install node_modules/sharp node install/check.js || npm run build
454 info run sharp@0.34.5 install { code: 0, signal: null }
455 silly ADD node_modules/client-only
456 silly ADD
457 silly ADD node_modules/semver
458 silly ADD node_modules/detect-libc
459 silly ADD
460 silly ADD
461 silly ADD
462 silly ADD
463 silly ADD
464 silly ADD
465 silly ADD
466 silly ADD
467 silly ADD
468 silly ADD
469 silly ADD
470 silly ADD
471 silly ADD
472 silly ADD
473 silly ADD
474 silly ADD
475 silly ADD
476 silly ADD
477 silly ADD
478 silly ADD
479 silly ADD
480 silly ADD node_modules/@img/sharp-libvips-darwin-arm64
481 silly ADD
482 silly ADD node_modules/@img/sharp-darwin-arm64
483 silly ADD node_modules/@img/colour
484 silly ADD node_modules/scheduler
485 silly ADD node_modules/source-map-js
486 silly ADD node_modules/picocolors
487 silly ADD node_modules/nanoid
488 silly ADD node_modules/tslib
489 silly ADD node_modules/styled-jsx
490 silly ADD node_modules/sharp
491 silly ADD node_modules/postcss
492 silly ADD node_modules/caniuse-lite
493 silly ADD node_modules/baseline-browser-mapping
494 silly ADD node_modules/@swc/helpers
495 silly ADD
496 silly ADD
497 silly ADD
498 silly ADD
499 silly ADD
500 silly ADD
501 silly ADD
502 silly ADD node_modules/@next/swc-darwin-arm64
503 silly ADD node_modules/@next/env
504 silly ADD node_modules/csstype
505 silly ADD node_modules/undici-types
506 silly ADD node_modules/typescript
507 silly ADD node_modules/react-dom
508 silly ADD node_modules/react
509 silly ADD node_modules/next
510 silly ADD node_modules/@types/react-dom
511 silly ADD node_modules/@types/react
512 silly ADD node_modules/@types/node
513 verbose cwd /Users/ttcenter/Documents/test-tool
514 verbose os Darwin 24.6.0
515 verbose node v20.19.5
516 verbose npm  v10.8.2
517 notice
517 notice New major version of npm available! 10.8.2 -> 11.8.0
517 notice Changelog: https://github.com/npm/cli/releases/tag/v11.8.0
517 notice To update run: npm install -g npm@11.8.0
517 notice  { force: true, [Symbol(proc-log.meta)]: true }
518 verbose exit 0
519 info ok
